2023-05-06 09:33:13.483 - INFO  [           main] o.s.b.StartupInfoLogger        : Starting DemoApplication using Java 18.0.2 with PID 1440770 (/home/xfhuang/workspace/java/jdk11/demo/target/classes started by xfhuang in /home/xfhuang/workspace/java/jdk11/demo)
2023-05-06 09:33:13.490 - INFO  [           main] o.s.b.SpringApplication        : No active profile set, falling back to 1 default profile: "default"
2023-05-06 09:33:14.306 - INFO  [           main] o.s.b.w.e.t.TomcatWebServer    : Tomcat initialized with port(s): 8080 (http)
2023-05-06 09:33:14.312 - INFO  [           main] o.a.j.l.DirectJDKLog           : Initializing ProtocolHandler ["http-nio-8080"]
2023-05-06 09:33:14.313 - INFO  [           main] o.a.j.l.DirectJDKLog           : Starting service [Tomcat]
2023-05-06 09:33:14.314 - INFO  [           main] o.a.j.l.DirectJDKLog           : Starting Servlet engine: [Apache Tomcat/10.1.8]
2023-05-06 09:33:14.380 - INFO  [           main] o.a.j.l.DirectJDKLog           : Initializing Spring embedded WebApplicationContext
2023-05-06 09:33:14.382 - INFO  [           main] letWebServerApplicationContext : Root WebApplicationContext: initialization completed in 860 ms
2023-05-06 09:33:14.859 - INFO  [           main] .b.a.e.w.EndpointLinksResolver : Exposing 1 endpoint(s) beneath base path '/actuator'
2023-05-06 09:33:14.904 - INFO  [           main] o.a.j.l.DirectJDKLog           : Starting ProtocolHandler ["http-nio-8080"]
2023-05-06 09:33:14.919 - INFO  [           main] o.s.b.w.e.t.TomcatWebServer    : Tomcat started on port(s): 8080 (http) with context path ''
2023-05-06 09:33:14.930 - INFO  [           main] o.s.b.StartupInfoLogger        : Started DemoApplication in 1.744 seconds (process running for 2.588)
2023-05-06 09:45:17.526 - INFO  [           main] o.s.b.StartupInfoLogger        : Starting DemoApplication using Java 18.0.2 with PID 1442883 (/home/xfhuang/workspace/java/jdk11/demo/target/classes started by xfhuang in /home/xfhuang/workspace/java/jdk11/demo)
2023-05-06 09:45:17.534 - INFO  [           main] o.s.b.SpringApplication        : No active profile set, falling back to 1 default profile: "default"
2023-05-06 09:45:18.425 - INFO  [           main] o.s.b.w.e.t.TomcatWebServer    : Tomcat initialized with port(s): 8080 (http)
2023-05-06 09:45:18.432 - INFO  [           main] o.a.j.l.DirectJDKLog           : Initializing ProtocolHandler ["http-nio-8080"]
2023-05-06 09:45:18.433 - INFO  [           main] o.a.j.l.DirectJDKLog           : Starting service [Tomcat]
2023-05-06 09:45:18.434 - INFO  [           main] o.a.j.l.DirectJDKLog           : Starting Servlet engine: [Apache Tomcat/10.1.8]
2023-05-06 09:45:18.497 - INFO  [           main] o.a.j.l.DirectJDKLog           : Initializing Spring embedded WebApplicationContext
2023-05-06 09:45:18.498 - INFO  [           main] letWebServerApplicationContext : Root WebApplicationContext: initialization completed in 927 ms
2023-05-06 09:45:19.089 - INFO  [           main] .b.a.e.w.EndpointLinksResolver : Exposing 1 endpoint(s) beneath base path '/actuator'
2023-05-06 09:45:19.151 - INFO  [           main] o.a.j.l.DirectJDKLog           : Starting ProtocolHandler ["http-nio-8080"]
2023-05-06 09:45:19.166 - INFO  [           main] o.s.b.w.e.t.TomcatWebServer    : Tomcat started on port(s): 8080 (http) with context path ''
2023-05-06 09:45:19.178 - INFO  [           main] o.s.b.StartupInfoLogger        : Started DemoApplication in 1.996 seconds (process running for 2.844)
2023-05-06 09:46:19.979 - INFO  [nio-8080-exec-1] o.a.j.l.DirectJDKLog           : Initializing Spring DispatcherServlet 'dispatcherServlet'
2023-05-06 09:46:19.980 - INFO  [nio-8080-exec-1] o.s.w.s.FrameworkServlet       : Initializing Servlet 'dispatcherServlet'
2023-05-06 09:46:19.981 - INFO  [nio-8080-exec-1] o.s.w.s.FrameworkServlet       : Completed initialization in 1 ms
2023-05-06 09:46:20.006 - INFO  [nio-8080-exec-1] c.e.d.c.UserController         : info ****************************
2023-05-06 09:46:20.006 - WARN  [nio-8080-exec-1] c.e.d.c.UserController         : warn ****************************
2023-05-06 09:48:40.642 - INFO  [           main] o.s.b.StartupInfoLogger        : Starting DemoApplication using Java 18.0.2 with PID 1445659 (/home/xfhuang/workspace/java/jdk11/demo/target/classes started by xfhuang in /home/xfhuang/workspace/java/jdk11/demo)
2023-05-06 09:48:40.649 - INFO  [           main] o.s.b.SpringApplication        : No active profile set, falling back to 1 default profile: "default"
2023-05-06 09:48:41.525 - INFO  [           main] o.s.b.w.e.t.TomcatWebServer    : Tomcat initialized with port(s): 8080 (http)
2023-05-06 09:48:41.531 - INFO  [           main] o.a.j.l.DirectJDKLog           : Initializing ProtocolHandler ["http-nio-8080"]
2023-05-06 09:48:41.532 - INFO  [           main] o.a.j.l.DirectJDKLog           : Starting service [Tomcat]
2023-05-06 09:48:41.532 - INFO  [           main] o.a.j.l.DirectJDKLog           : Starting Servlet engine: [Apache Tomcat/10.1.8]
2023-05-06 09:48:41.592 - INFO  [           main] o.a.j.l.DirectJDKLog           : Initializing Spring embedded WebApplicationContext
2023-05-06 09:48:41.595 - INFO  [           main] letWebServerApplicationContext : Root WebApplicationContext: initialization completed in 880 ms
2023-05-06 09:48:42.099 - INFO  [           main] .b.a.e.w.EndpointLinksResolver : Exposing 1 endpoint(s) beneath base path '/actuator'
2023-05-06 09:48:42.144 - INFO  [           main] o.a.j.l.DirectJDKLog           : Starting ProtocolHandler ["http-nio-8080"]
2023-05-06 09:48:42.155 - INFO  [           main] o.s.b.w.e.t.TomcatWebServer    : Tomcat started on port(s): 8080 (http) with context path ''
2023-05-06 09:48:42.167 - INFO  [           main] o.s.b.StartupInfoLogger        : Started DemoApplication in 1.835 seconds (process running for 2.79)
2023-05-06 09:48:48.176 - INFO  [nio-8080-exec-2] o.a.j.l.DirectJDKLog           : Initializing Spring DispatcherServlet 'dispatcherServlet'
2023-05-06 09:48:48.176 - INFO  [nio-8080-exec-2] o.s.w.s.FrameworkServlet       : Initializing Servlet 'dispatcherServlet'
2023-05-06 09:48:48.177 - INFO  [nio-8080-exec-2] o.s.w.s.FrameworkServlet       : Completed initialization in 1 ms
2023-05-06 09:48:48.199 - INFO  [nio-8080-exec-2] c.e.d.c.UserController         : info ****************************
2023-05-06 09:48:48.199 - WARN  [nio-8080-exec-2] c.e.d.c.UserController         : warn ****************************
2023-05-06 10:01:56.367 - INFO  [nio-8080-exec-5] c.e.d.c.UserController         : info ****************************
2023-05-06 10:01:56.367 - WARN  [nio-8080-exec-5] c.e.d.c.UserController         : warn ****************************
2023-05-06 10:01:57.611 - INFO  [nio-8080-exec-6] c.e.d.c.UserController         : info ****************************
2023-05-06 10:01:57.611 - WARN  [nio-8080-exec-6] c.e.d.c.UserController         : warn ****************************
2023-05-06 10:01:58.550 - INFO  [nio-8080-exec-7] c.e.d.c.UserController         : info ****************************
2023-05-06 10:01:58.550 - WARN  [nio-8080-exec-7] c.e.d.c.UserController         : warn ****************************
2023-05-06 10:11:44.732 - INFO [mainraceId]  [           main] o.s.b.StartupInfoLogger        : Starting DemoApplication using Java 18.0.2 with PID 1448998 (/home/xfhuang/workspace/java/jdk11/demo/target/classes started by xfhuang in /home/xfhuang/workspace/java/jdk11/demo)
2023-05-06 10:11:44.739 - INFO [mainraceId]  [           main] o.s.b.SpringApplication        : No active profile set, falling back to 1 default profile: "default"
2023-05-06 10:11:45.573 - INFO [mainraceId]  [           main] o.s.b.w.e.t.TomcatWebServer    : Tomcat initialized with port(s): 8080 (http)
2023-05-06 10:11:45.579 - INFO [mainraceId]  [           main] o.a.j.l.DirectJDKLog           : Initializing ProtocolHandler ["http-nio-8080"]
2023-05-06 10:11:45.580 - INFO [mainraceId]  [           main] o.a.j.l.DirectJDKLog           : Starting service [Tomcat]
2023-05-06 10:11:45.581 - INFO [mainraceId]  [           main] o.a.j.l.DirectJDKLog           : Starting Servlet engine: [Apache Tomcat/10.1.8]
2023-05-06 10:11:45.641 - INFO [mainraceId]  [           main] o.a.j.l.DirectJDKLog           : Initializing Spring embedded WebApplicationContext
2023-05-06 10:11:45.643 - INFO [mainraceId]  [           main] letWebServerApplicationContext : Root WebApplicationContext: initialization completed in 871 ms
2023-05-06 10:11:46.129 - INFO [mainraceId]  [           main] .b.a.e.w.EndpointLinksResolver : Exposing 1 endpoint(s) beneath base path '/actuator'
2023-05-06 10:11:46.167 - INFO [mainraceId]  [           main] o.a.j.l.DirectJDKLog           : Starting ProtocolHandler ["http-nio-8080"]
2023-05-06 10:11:46.183 - INFO [mainraceId]  [           main] o.s.b.w.e.t.TomcatWebServer    : Tomcat started on port(s): 8080 (http) with context path ''
2023-05-06 10:11:46.193 - INFO [mainraceId]  [           main] o.s.b.StartupInfoLogger        : Started DemoApplication in 1.767 seconds (process running for 2.605)
2023-05-06 11:04:42.416 - INFO [mainraceId]  [           main] o.s.b.StartupInfoLogger        : Starting DemoApplication using Java 18.0.2 with PID 1606102 (/home/xfhuang/workspace/java/jdk11/demo/target/classes started by xfhuang in /home/xfhuang/workspace/java/jdk11/demo)
2023-05-06 11:04:42.425 - INFO [mainraceId]  [           main] o.s.b.SpringApplication        : No active profile set, falling back to 1 default profile: "default"
2023-05-06 11:04:43.437 - INFO [mainraceId]  [           main] o.s.b.w.e.t.TomcatWebServer    : Tomcat initialized with port(s): 8080 (http)
2023-05-06 11:04:43.446 - INFO [mainraceId]  [           main] o.a.j.l.DirectJDKLog           : Initializing ProtocolHandler ["http-nio-8080"]
2023-05-06 11:04:43.447 - INFO [mainraceId]  [           main] o.a.j.l.DirectJDKLog           : Starting service [Tomcat]
2023-05-06 11:04:43.447 - INFO [mainraceId]  [           main] o.a.j.l.DirectJDKLog           : Starting Servlet engine: [Apache Tomcat/10.1.8]
2023-05-06 11:04:43.530 - INFO [mainraceId]  [           main] o.a.j.l.DirectJDKLog           : Initializing Spring embedded WebApplicationContext
2023-05-06 11:04:43.535 - INFO [mainraceId]  [           main] letWebServerApplicationContext : Root WebApplicationContext: initialization completed in 1066 ms
2023-05-06 11:04:44.149 - INFO [mainraceId]  [           main] .b.a.e.w.EndpointLinksResolver : Exposing 1 endpoint(s) beneath base path '/actuator'
2023-05-06 11:04:44.193 - INFO [mainraceId]  [           main] o.a.j.l.DirectJDKLog           : Starting ProtocolHandler ["http-nio-8080"]
2023-05-06 11:04:44.196 - WARN [mainraceId]  [           main] c.s.AbstractApplicationContext : Exception encountered during context initialization - cancelling refresh attempt: org.springframework.context.ApplicationContextException: Failed to start bean 'webServerStartStop'
2023-05-06 11:04:44.206 - INFO [mainraceId]  [           main] o.a.j.l.DirectJDKLog           : Pausing ProtocolHandler ["http-nio-8080"]
2023-05-06 11:04:44.206 - INFO [mainraceId]  [           main] o.a.j.l.DirectJDKLog           : Stopping service [Tomcat]
2023-05-06 11:04:44.211 - INFO [mainraceId]  [           main] o.a.j.l.DirectJDKLog           : Stopping ProtocolHandler ["http-nio-8080"]
2023-05-06 11:04:44.212 - INFO [mainraceId]  [           main] o.a.j.l.DirectJDKLog           : Destroying ProtocolHandler ["http-nio-8080"]
2023-05-06 11:04:44.224 - INFO [mainraceId]  [           main] onditionEvaluationReportLogger : 

Error starting ApplicationContext. To display the condition evaluation report re-run your application with 'debug' enabled.
2023-05-06 11:08:08.266 - INFO [mainraceId]  [           main] o.s.b.StartupInfoLogger        : Starting DemoApplication using Java 18.0.2 with PID 1619467 (/home/xfhuang/workspace/java/jdk11/demo/target/classes started by xfhuang in /home/xfhuang/workspace/java/jdk11/demo)
2023-05-06 11:08:08.278 - INFO [mainraceId]  [           main] o.s.b.SpringApplication        : No active profile set, falling back to 1 default profile: "default"
2023-05-06 11:08:09.576 - INFO [mainraceId]  [           main] o.s.b.w.e.t.TomcatWebServer    : Tomcat initialized with port(s): 8081 (http)
2023-05-06 11:08:09.586 - INFO [mainraceId]  [           main] o.a.j.l.DirectJDKLog           : Initializing ProtocolHandler ["http-nio-8081"]
2023-05-06 11:08:09.587 - INFO [mainraceId]  [           main] o.a.j.l.DirectJDKLog           : Starting service [Tomcat]
2023-05-06 11:08:09.587 - INFO [mainraceId]  [           main] o.a.j.l.DirectJDKLog           : Starting Servlet engine: [Apache Tomcat/10.1.8]
2023-05-06 11:08:09.697 - INFO [mainraceId]  [           main] o.a.j.l.DirectJDKLog           : Initializing Spring embedded WebApplicationContext
2023-05-06 11:08:09.699 - INFO [mainraceId]  [           main] letWebServerApplicationContext : Root WebApplicationContext: initialization completed in 1349 ms
2023-05-06 11:08:10.506 - INFO [mainraceId]  [           main] .b.a.e.w.EndpointLinksResolver : Exposing 1 endpoint(s) beneath base path '/actuator'
2023-05-06 11:08:10.554 - INFO [mainraceId]  [           main] o.a.j.l.DirectJDKLog           : Starting ProtocolHandler ["http-nio-8081"]
2023-05-06 11:08:10.572 - INFO [mainraceId]  [           main] o.s.b.w.e.t.TomcatWebServer    : Tomcat started on port(s): 8081 (http) with context path ''
2023-05-06 11:08:10.589 - INFO [mainraceId]  [           main] o.s.b.StartupInfoLogger        : Started DemoApplication in 2.906 seconds (process running for 6.334)
2023-05-06 11:08:27.375 - INFO [http-nio-8081-exec-2raceId]  [nio-8081-exec-2] o.a.j.l.DirectJDKLog           : Initializing Spring DispatcherServlet 'dispatcherServlet'
2023-05-06 11:08:27.376 - INFO [http-nio-8081-exec-2raceId]  [nio-8081-exec-2] o.s.w.s.FrameworkServlet       : Initializing Servlet 'dispatcherServlet'
2023-05-06 11:08:27.378 - INFO [http-nio-8081-exec-2raceId]  [nio-8081-exec-2] o.s.w.s.FrameworkServlet       : Completed initialization in 1 ms
2023-05-06 11:08:27.421 - INFO [http-nio-8081-exec-2raceId]  [nio-8081-exec-2] c.e.d.c.UserController         : info ****************************
2023-05-06 11:08:27.421 - WARN [http-nio-8081-exec-2raceId]  [nio-8081-exec-2] c.e.d.c.UserController         : warn ****************************
2023-05-06 11:08:29.487 - INFO [http-nio-8081-exec-3raceId]  [nio-8081-exec-3] c.e.d.c.UserController         : info ****************************
2023-05-06 11:08:29.487 - WARN [http-nio-8081-exec-3raceId]  [nio-8081-exec-3] c.e.d.c.UserController         : warn ****************************
2023-05-06 11:08:38.879 - INFO [http-nio-8081-exec-4raceId]  [nio-8081-exec-4] c.e.d.c.UserController         : info ****************************
2023-05-06 11:08:38.879 - WARN [http-nio-8081-exec-4raceId]  [nio-8081-exec-4] c.e.d.c.UserController         : warn ****************************
2023-05-06 11:08:43.862 - INFO [http-nio-8081-exec-5raceId]  [nio-8081-exec-5] c.e.d.c.UserController         : info ****************************
2023-05-06 11:08:43.863 - WARN [http-nio-8081-exec-5raceId]  [nio-8081-exec-5] c.e.d.c.UserController         : warn ****************************
2023-05-06 11:09:51.103 - INFO [http-nio-8081-exec-8raceId]  [nio-8081-exec-8] c.e.d.c.UserController         : info ****************************
2023-05-06 11:09:51.104 - WARN [http-nio-8081-exec-8raceId]  [nio-8081-exec-8] c.e.d.c.UserController         : warn ****************************
2023-05-06 11:09:51.869 - INFO [http-nio-8081-exec-9raceId]  [nio-8081-exec-9] c.e.d.c.UserController         : info ****************************
2023-05-06 11:09:51.869 - WARN [http-nio-8081-exec-9raceId]  [nio-8081-exec-9] c.e.d.c.UserController         : warn ****************************
2023-05-06 11:09:52.536 - INFO [http-nio-8081-exec-10raceId]  [io-8081-exec-10] c.e.d.c.UserController         : info ****************************
2023-05-06 11:09:52.536 - WARN [http-nio-8081-exec-10raceId]  [io-8081-exec-10] c.e.d.c.UserController         : warn ****************************
2023-05-06 11:09:52.901 - INFO [http-nio-8081-exec-1raceId]  [nio-8081-exec-1] c.e.d.c.UserController         : info ****************************
2023-05-06 11:09:52.902 - WARN [http-nio-8081-exec-1raceId]  [nio-8081-exec-1] c.e.d.c.UserController         : warn ****************************
2023-05-06 11:09:54.836 - INFO [http-nio-8081-exec-2raceId]  [nio-8081-exec-2] c.e.d.c.UserController         : info ****************************
2023-05-06 11:09:54.837 - WARN [http-nio-8081-exec-2raceId]  [nio-8081-exec-2] c.e.d.c.UserController         : warn ****************************
2023-05-06 11:09:55.195 - INFO [http-nio-8081-exec-3raceId]  [nio-8081-exec-3] c.e.d.c.UserController         : info ****************************
2023-05-06 11:09:55.195 - WARN [http-nio-8081-exec-3raceId]  [nio-8081-exec-3] c.e.d.c.UserController         : warn ****************************
2023-05-06 11:09:55.591 - INFO [http-nio-8081-exec-4raceId]  [nio-8081-exec-4] c.e.d.c.UserController         : info ****************************
2023-05-06 11:09:55.591 - WARN [http-nio-8081-exec-4raceId]  [nio-8081-exec-4] c.e.d.c.UserController         : warn ****************************
2023-05-06 11:09:55.953 - INFO [http-nio-8081-exec-5raceId]  [nio-8081-exec-5] c.e.d.c.UserController         : info ****************************
2023-05-06 11:09:55.953 - WARN [http-nio-8081-exec-5raceId]  [nio-8081-exec-5] c.e.d.c.UserController         : warn ****************************
2023-05-06 11:09:56.273 - INFO [http-nio-8081-exec-6raceId]  [nio-8081-exec-6] c.e.d.c.UserController         : info ****************************
2023-05-06 11:09:56.273 - WARN [http-nio-8081-exec-6raceId]  [nio-8081-exec-6] c.e.d.c.UserController         : warn ****************************
2023-05-06 11:09:56.603 - INFO [http-nio-8081-exec-7raceId]  [nio-8081-exec-7] c.e.d.c.UserController         : info ****************************
2023-05-06 11:09:56.603 - WARN [http-nio-8081-exec-7raceId]  [nio-8081-exec-7] c.e.d.c.UserController         : warn ****************************
2023-05-06 11:09:56.929 - INFO [http-nio-8081-exec-8raceId]  [nio-8081-exec-8] c.e.d.c.UserController         : info ****************************
2023-05-06 11:09:56.929 - WARN [http-nio-8081-exec-8raceId]  [nio-8081-exec-8] c.e.d.c.UserController         : warn ****************************
2023-05-06 11:09:57.270 - INFO [http-nio-8081-exec-9raceId]  [nio-8081-exec-9] c.e.d.c.UserController         : info ****************************
2023-05-06 11:09:57.270 - WARN [http-nio-8081-exec-9raceId]  [nio-8081-exec-9] c.e.d.c.UserController         : warn ****************************
2023-05-06 11:09:57.602 - INFO [http-nio-8081-exec-10raceId]  [io-8081-exec-10] c.e.d.c.UserController         : info ****************************
2023-05-06 11:09:57.602 - WARN [http-nio-8081-exec-10raceId]  [io-8081-exec-10] c.e.d.c.UserController         : warn ****************************
2023-05-06 11:09:57.937 - INFO [http-nio-8081-exec-1raceId]  [nio-8081-exec-1] c.e.d.c.UserController         : info ****************************
2023-05-06 11:09:57.938 - WARN [http-nio-8081-exec-1raceId]  [nio-8081-exec-1] c.e.d.c.UserController         : warn ****************************
2023-05-06 11:09:58.270 - INFO [http-nio-8081-exec-2raceId]  [nio-8081-exec-2] c.e.d.c.UserController         : info ****************************
2023-05-06 11:09:58.270 - WARN [http-nio-8081-exec-2raceId]  [nio-8081-exec-2] c.e.d.c.UserController         : warn ****************************
2023-05-06 11:09:58.602 - INFO [http-nio-8081-exec-3raceId]  [nio-8081-exec-3] c.e.d.c.UserController         : info ****************************
2023-05-06 11:09:58.603 - WARN [http-nio-8081-exec-3raceId]  [nio-8081-exec-3] c.e.d.c.UserController         : warn ****************************
