2023-05-06 09:46:20.006 -ERROR  [nio-8080-exec-1] c.e.d.c.UserController         : error ****************************
2023-05-06 09:48:48.199 -ERROR  [nio-8080-exec-2] c.e.d.c.UserController         : error ****************************
2023-05-06 10:01:56.368 -ERROR  [nio-8080-exec-5] c.e.d.c.UserController         : error ****************************
2023-05-06 10:01:57.612 -ERROR  [nio-8080-exec-6] c.e.d.c.UserController         : error ****************************
2023-05-06 10:01:58.551 -ERROR  [nio-8080-exec-7] c.e.d.c.UserController         : error ****************************
2023-05-06 11:04:44.238 -ERROR [mainraceId]  [           main] LoggingFailureAnalysisReporter : 

***************************
APPLICATION FAILED TO START
***************************

Description:

Web server failed to start. Port 8080 was already in use.

Action:

Identify and stop the process that's listening on port 8080 or configure this application to listen on another port.

2023-05-06 11:08:27.421 -ERROR [http-nio-8081-exec-2raceId]  [nio-8081-exec-2] c.e.d.c.UserController         : error ****************************
2023-05-06 11:08:29.488 -ERROR [http-nio-8081-exec-3raceId]  [nio-8081-exec-3] c.e.d.c.UserController         : error ****************************
2023-05-06 11:08:38.879 -ERROR [http-nio-8081-exec-4raceId]  [nio-8081-exec-4] c.e.d.c.UserController         : error ****************************
2023-05-06 11:08:43.863 -ERROR [http-nio-8081-exec-5raceId]  [nio-8081-exec-5] c.e.d.c.UserController         : error ****************************
2023-05-06 11:09:51.104 -ERROR [http-nio-8081-exec-8raceId]  [nio-8081-exec-8] c.e.d.c.UserController         : error ****************************
2023-05-06 11:09:51.870 -ERROR [http-nio-8081-exec-9raceId]  [nio-8081-exec-9] c.e.d.c.UserController         : error ****************************
2023-05-06 11:09:52.537 -ERROR [http-nio-8081-exec-10raceId]  [io-8081-exec-10] c.e.d.c.UserController         : error ****************************
2023-05-06 11:09:52.902 -ERROR [http-nio-8081-exec-1raceId]  [nio-8081-exec-1] c.e.d.c.UserController         : error ****************************
2023-05-06 11:09:54.837 -ERROR [http-nio-8081-exec-2raceId]  [nio-8081-exec-2] c.e.d.c.UserController         : error ****************************
2023-05-06 11:09:55.195 -ERROR [http-nio-8081-exec-3raceId]  [nio-8081-exec-3] c.e.d.c.UserController         : error ****************************
2023-05-06 11:09:55.591 -ERROR [http-nio-8081-exec-4raceId]  [nio-8081-exec-4] c.e.d.c.UserController         : error ****************************
2023-05-06 11:09:55.953 -ERROR [http-nio-8081-exec-5raceId]  [nio-8081-exec-5] c.e.d.c.UserController         : error ****************************
2023-05-06 11:09:56.274 -ERROR [http-nio-8081-exec-6raceId]  [nio-8081-exec-6] c.e.d.c.UserController         : error ****************************
2023-05-06 11:09:56.603 -ERROR [http-nio-8081-exec-7raceId]  [nio-8081-exec-7] c.e.d.c.UserController         : error ****************************
2023-05-06 11:09:56.929 -ERROR [http-nio-8081-exec-8raceId]  [nio-8081-exec-8] c.e.d.c.UserController         : error ****************************
2023-05-06 11:09:57.270 -ERROR [http-nio-8081-exec-9raceId]  [nio-8081-exec-9] c.e.d.c.UserController         : error ****************************
2023-05-06 11:09:57.603 -ERROR [http-nio-8081-exec-10raceId]  [io-8081-exec-10] c.e.d.c.UserController         : error ****************************
2023-05-06 11:09:57.938 -ERROR [http-nio-8081-exec-1raceId]  [nio-8081-exec-1] c.e.d.c.UserController         : error ****************************
2023-05-06 11:09:58.270 -ERROR [http-nio-8081-exec-2raceId]  [nio-8081-exec-2] c.e.d.c.UserController         : error ****************************
2023-05-06 11:09:58.603 -ERROR [http-nio-8081-exec-3raceId]  [nio-8081-exec-3] c.e.d.c.UserController         : error ****************************
